<?xml version="1.0" encoding="UTF-8"?>
<testsuite name="io.github.iml1s.address.AddressGeneratorTest" tests="4" skipped="0" failures="0" errors="0" timestamp="2025-12-30T19:04:13.914Z" hostname="WIN_DESKTOP" time="1.345">
  <properties/>
  <testcase name="testGenerateP2TR_OfficialVector[jvm]" classname="io.github.iml1s.address.AddressGeneratorTest" time="1.326"/>
  <testcase name="testGenerateP2WPKH_OfficialVector[jvm]" classname="io.github.iml1s.address.AddressGeneratorTest" time="0.011"/>
  <testcase name="testValidateAddress[jvm]" classname="io.github.iml1s.address.AddressGeneratorTest" time="0.005"/>
  <testcase name="testGenerateP2PKH_OfficialVector[jvm]" classname="io.github.iml1s.address.AddressGeneratorTest" time="0.0"/>
  <system-out><![CDATA[Generated P2WPKH: bc1qwjud0wtqp8zwqsawcknnqfkfzuwyqma0dvmpe6
]]></system-out>
  <system-err><![CDATA[]]></system-err>
</testsuite>
