<?xml version="1.0" encoding="UTF-8"?>
<testsuite name="io.github.iml1s.address.Base58Test" tests="5" skipped="0" failures="0" errors="0" timestamp="2025-12-30T19:04:15.261Z" hostname="WIN_DESKTOP" time="0.002">
  <properties/>
  <testcase name="testDecodeCheck_OfficialVector[jvm]" classname="io.github.iml1s.address.Base58Test" time="0.001"/>
  <testcase name="testInvalidChecksum[jvm]" classname="io.github.iml1s.address.Base58Test" time="0.0"/>
  <testcase name="testEncodeCheck_OfficialVector[jvm]" classname="io.github.iml1s.address.Base58Test" time="0.001"/>
  <testcase name="testDecode[jvm]" classname="io.github.iml1s.address.Base58Test" time="0.0"/>
  <testcase name="testEncode[jvm]" classname="io.github.iml1s.address.Base58Test" time="0.0"/>
  <system-out><![CDATA[]]></system-out>
  <system-err><![CDATA[]]></system-err>
</testsuite>
