<?xml version="1.0" encoding="UTF-8"?>
<testsuite name="io.github.iml1s.address.Bech32Test" tests="9" skipped="0" failures="0" errors="0" timestamp="2025-12-30T19:04:15.265Z" hostname="WIN_DESKTOP" time="0.002">
  <properties/>
  <testcase name="testBip350ValidBech32m[jvm]" classname="io.github.iml1s.address.Bech32Test" time="0.0"/>
  <testcase name="testBech32Decode[jvm]" classname="io.github.iml1s.address.Bech32Test" time="0.0"/>
  <testcase name="testBip173ValidAddresses[jvm]" classname="io.github.iml1s.address.Bech32Test" time="0.001"/>
  <testcase name="testBech32Encode[jvm]" classname="io.github.iml1s.address.Bech32Test" time="0.0"/>
  <testcase name="testBip350TaprootAddresses[jvm]" classname="io.github.iml1s.address.Bech32Test" time="0.0"/>
  <testcase name="testTaprootAddressRoundTrip[jvm]" classname="io.github.iml1s.address.Bech32Test" time="0.0"/>
  <testcase name="testSegwitAddressRoundTrip[jvm]" classname="io.github.iml1s.address.Bech32Test" time="0.0"/>
  <testcase name="testBech32mEncode[jvm]" classname="io.github.iml1s.address.Bech32Test" time="0.0"/>
  <testcase name="testBip173InvalidAddresses[jvm]" classname="io.github.iml1s.address.Bech32Test" time="0.0"/>
  <system-out><![CDATA[]]></system-out>
  <system-err><![CDATA[]]></system-err>
</testsuite>
