<?xml version="1.0" encoding="UTF-8"?>
<testsuite name="io.github.iml1s.address.DeterministicWalletTest" tests="1" skipped="0" failures="0" errors="0" timestamp="2025-12-30T19:04:15.285Z" hostname="WIN_DESKTOP" time="6.615">
  <properties/>
  <testcase name="testBIP32_Vector1[jvm]" classname="io.github.iml1s.address.DeterministicWalletTest" time="6.615"/>
  <system-out><![CDATA[DEBUG: xprv encodeRaw=0488ade4000000000000000000873dff81c02f525623fd1fe5167eac3a55a049de3d314bb42ee227ffed37d50800e8f32e723decf4051aefac8e2c93c9c5b214313817cdb01a1494b917c8436b35
    Master xpub: xpub661MyMwAqRbcFtXgS5sYJABqqG9YLmC4Q1Rdap9gSE8NqtwybGhePY2gZ29ESFjqJoCu1Rupje8YtGqsefD265TMg7usUDFdp6W1EGMcet8
DEBUG: derivePrivateKey index=80000000 chaincode=873dff81c02f525623fd1fe5167eac3a55a049de3d314bb42ee227ffed37d508 input=00e8f32e723decf4051aefac8e2c93c9c5b214313817cdb01a1494b917c8436b3580000000
DEBUG: derivePrivateKey il=04bfb2dd60fa8921c2a4085ec15507a921f49cdc839f27f0f280e9c1495d44b5 ir=47fdacbd0f1097043b78c63c20c34ef4ed9a111d980047ad16282c7ae6236141
DEBUG: fingerprint pub=0339a36013301597daef41fbe593a02cc513d0b55527ec2df1050e2e8ff49c85c2
DEBUG: fingerprint sha256=b766246eacc76f47810bbbdcfcdc0b4e54c5983de526c2b660c65a588468e0ab
DEBUG: fingerprint hash160=3442193e1bb70916e914552172cd4e2dbc9df811
DEBUG: derivePrivateKey childKey=edb2e14f9ee77d26dd93b4ecede8d16ed408ce149b6cd80b0715a2d911a0afea parentFP=3442193e (val=876747070) depth=0
DEBUG: fingerprint pub=0339a36013301597daef41fbe593a02cc513d0b55527ec2df1050e2e8ff49c85c2
DEBUG: fingerprint sha256=b766246eacc76f47810bbbdcfcdc0b4e54c5983de526c2b660c65a588468e0ab
DEBUG: fingerprint hash160=3442193e1bb70916e914552172cd4e2dbc9df811
Master xprv: xprv9s21ZrQH143K3QTDL4LXw2F7HEK3wJUD2nW2nRk4stbPy6cq3jPPqjiChkVvvNKmPGJxWUtg6LnF5kejMRNNU3TGtRBeJgk33yuGBxrMPHi
Master xpub: xpub661MyMwAqRbcFtXgS5sYJABqqG9YLmC4Q1Rdap9gSE8NqtwybGhePY2gZ29ESFjqJoCu1Rupje8YtGqsefD265TMg7usUDFdp6W1EGMcet8
DEBUG: derivePrivateKey index=80000000 chaincode=873dff81c02f525623fd1fe5167eac3a55a049de3d314bb42ee227ffed37d508 input=00e8f32e723decf4051aefac8e2c93c9c5b214313817cdb01a1494b917c8436b3580000000
DEBUG: derivePrivateKey il=04bfb2dd60fa8921c2a4085ec15507a921f49cdc839f27f0f280e9c1495d44b5 ir=47fdacbd0f1097043b78c63c20c34ef4ed9a111d980047ad16282c7ae6236141
DEBUG: fingerprint pub=0339a36013301597daef41fbe593a02cc513d0b55527ec2df1050e2e8ff49c85c2
DEBUG: fingerprint sha256=b766246eacc76f47810bbbdcfcdc0b4e54c5983de526c2b660c65a588468e0ab
DEBUG: fingerprint hash160=3442193e1bb70916e914552172cd4e2dbc9df811
DEBUG: derivePrivateKey childKey=edb2e14f9ee77d26dd93b4ecede8d16ed408ce149b6cd80b0715a2d911a0afea parentFP=3442193e (val=876747070) depth=0
DEBUG: fingerprint pub=0339a36013301597daef41fbe593a02cc513d0b55527ec2df1050e2e8ff49c85c2
DEBUG: fingerprint sha256=b766246eacc76f47810bbbdcfcdc0b4e54c5983de526c2b660c65a588468e0ab
DEBUG: fingerprint hash160=3442193e1bb70916e914552172cd4e2dbc9df811
DEBUG: xprv encodeRaw=0488ade4013442193e8000000047fdacbd0f1097043b78c63c20c34ef4ed9a111d980047ad16282c7ae623614100edb2e14f9ee77d26dd93b4ecede8d16ed408ce149b6cd80b0715a2d911a0afea
]]></system-out>
  <system-err><![CDATA[]]></system-err>
</testsuite>
